<?xml version="1.0" encoding="UTF-8"?>
<!-- Generated by org.testng.reporters.JUnitReportReporter -->
<testsuite hostname="Abhishek" failures="0" tests="1" name="TestCases.AssertionExample" time="0.008" errors="0" timestamp="2023-06-07T20:56:22 IST" skipped="0">
  <testcase classname="TestCases.AssertionExample" name="testcase5" time="0.008"/>
  <system-out/>
</testsuite> <!-- TestCases.AssertionExample -->
