<?xml version="1.0" encoding="UTF-8"?>
<!-- Generated by org.testng.reporters.JUnitReportReporter -->
<testsuite hostname="Abhishek" failures="0" tests="8" name="TestCases.DataProviderExample" time="0.017" errors="0" timestamp="2023-06-07T20:56:22 IST" skipped="0">
  <testcase classname="TestCases.DataProviderExample" name="logintest" time="0.002"/>
  <system-out/>
  <testcase classname="TestCases.DataProviderExample" name="logintest" time="0.001"/>
  <system-out/>
  <testcase classname="TestCases.DataProviderExample" name="logintest" time="0.001"/>
  <system-out/>
  <testcase classname="TestCases.DataProviderExample" name="logintest" time="0.002"/>
  <system-out/>
  <testcase classname="TestCases.DataProviderExample" name="leadtest" time="0.005"/>
  <system-out/>
  <testcase classname="TestCases.DataProviderExample" name="leadtest" time="0.002"/>
  <system-out/>
  <testcase classname="TestCases.DataProviderExample" name="logintest" time="0.002"/>
  <system-out/>
  <testcase classname="TestCases.DataProviderExample" name="leadtest" time="0.002"/>
  <system-out/>
</testsuite> <!-- TestCases.DataProviderExample -->
