<?xml version="1.0" encoding="UTF-8"?>
<!-- Generated by org.testng.reporters.JUnitReportReporter -->
<testsuite hostname="Abhishek" failures="0" tests="1" name="TestCases.AnnotationsExample" time="0.007" errors="0" timestamp="2023-06-08T21:12:51 IST" skipped="0">
  <testcase classname="TestCases.AnnotationsExample" name="TestCase1" time="0.007"/>
  <system-out/>
</testsuite> <!-- TestCases.AnnotationsExample -->
