<?xml version="1.0" encoding="UTF-8"?>
<!-- Generated by org.testng.reporters.JUnitReportReporter -->
<testsuite hostname="Abhishek" failures="0" tests="4" name="TestCases.DependencieMethods" time="0.009" errors="0" timestamp="2023-06-09T02:58:23 IST" skipped="0">
  <testcase classname="TestCases.DependencieMethods" name="login" time="0.000"/>
  <system-out/>
  <testcase classname="TestCases.DependencieMethods" name="calc" time="0.001"/>
  <system-out/>
  <testcase classname="TestCases.DependencieMethods" name="LaunchApp" time="0.007"/>
  <system-out/>
  <testcase classname="TestCases.DependencieMethods" name="testcase5" time="0.001"/>
  <system-out/>
</testsuite> <!-- TestCases.DependencieMethods -->
